Xlib:  extension "AMDGPU" missiNew context 0x44de140 created with attributes:
Initialize engine version: 5.6.7f1 (e80cc3114acXlib:  extension "AMDGPU" missing on display ":1".
Xlib:  extension "GLX_ARB_context_flush_control" missing on display ":1".
ERROR: ld.so: object '/home/janne/.local/share/Steam/ubuntu12_32/gameoverlayrenderer.so' from LD_PRELOAD cannot be preloaded (wrong ELF class: ELFCLASS32): ignored.
ERROR: ld.so: object '/home/janne/.local/share/Steam/ubuntu12_32/gameoverlayrenderer.so' from LD_PRELOAD cannot be preloaded (wrong ELF class: ELFCLASS32): ignored.
Setting breakpad minidump AppID = 636480
Steam_SetMinidumpSteamID:  Caching Steam ID:  76561198156314781 [API loaded no]
_AMD_seamless_cubemap_per_texture GL_AMD_shader_atomic_counter_ops GL_AMD_shader_stencil_export GL_AMD_shader_stencil_value_export GL_AMD_shader_trace GL_AMD_shader_trinary_minmax GL_AMD_stencil_operation_extended GL_AMD_texture_cube_map_array GL_AMD_texture_texture4 GL_AMD_transform_feedback3_lines_triangles GL_AMD_transform_feedback4 GL_AMD_vertex_shader_layer GL_AMD_vertex_shader_viewport_index GL_ARB_ES2_compatibility GL_ARB_ES3_1_compatibility GL_ARB_ES3_compatibility GL_ARB_arrays_of_arrays GL_ARB_base_instance GL_ARB_bindless_texture GL_ARB_blend_func_extended GL_ARB_buffer_storage GL_ARB_clear_buffer_o
bject GL_ARB_clear_texture GL_ARB_clip_control GL_ARB_color_buffer_float GL_ARB_compressed_texture_pixel_storage GL_ARB_compute_shader GL_ARB_conditional_render_inverted GL_ARB_conservative_depth GL_ARB_copy_buffer GL_ARB_copy_image GL_ARB_cull_distance GL_ARB_debug_output GL_ARB_depth_buffer_float GL_ARB_depth_clamp GL_ARB_depth_texture GL_ARB_derivative_control GL_ARB_direct_state_access GL_ARB_draw_buffers GL_ARB_draw_buffers_blend GL_ARB_draw_elements_base_vertex GL_ARB_draw_indirect GL_ARB_draw_instanced GL_ARB_enhanced_layouts GL_ARB_explicit_attrib_location GL_ARB_explicit_uniform_location GL_ARB_fragment_coord_conventions GL_ARB_fragment_layer_viewport GL_ARB_fragment_program GL_ARB_fragment_program_shadow GL_ARB_fragment_shader GL_ARB_framebuffer_no_attachments GL_ARB_framebuffer_object GL_ARB_framebuffer_sRGB GL_ARB_geometry_shader4 GL_ARB_get_program_binary GL_ARB_get_texture_sub_image GL_ARB_gl_spirv GL_ARB_gpu_shader5 GL_ARB_gpu_shader_fp64 GL_ARB_half_float_pixel GL_ARB_half_float_vertex GL_ARB
_imaging GL_ARB_indirect_parameters GL_ARB_instanced_arrays GL_ARB_internalformat_query GL_ARB_internalformat_query2 GL_ARB_invalidate_subdata GL_ARB_map_buffer_alignment GL_ARB_map_buffer_range GL_ARB_multi_bind GL_ARB_multi_draw_indirect GL_ARB_multisample GL_ARB_multitexture GL_ARB_occlusion_query GL_ARB_occlusion_query2 GL_ARB_parallel_shader_compile GL_ARB_pipeline_statistics_query GL_ARB_pixel_buffer_object GL_ARB_point_parameters GL_ARB_point_sprite GL_ARB_polygon_offset_clamp GL_ARB_program_interface_query GL_ARB_provoking_vertex GL_ARB_query_buffer_object GL_ARB_robust_buffer_access_behavior GL_ARB_robustness GL_ARB_sample_shading GL_ARB_sampler_objects GL_ARB_seamless_cube_map GL_ARB_seamless_cubemap_per_texture GL_ARB_separate_shader_objects GL_ARB_shader_atomic_counters GL_ARB_shader_ballot GL_ARB_shader_bit_encoding GL_ARB_shader_draw_parameters GL_ARB_shader_group_vote GL_ARB_shader_image_load_store GL_ARB_shader_image_size GL_ARB_shader_objects GL_ARB_shader_precision GL_ARB_shader_stencil_exp
ort GL_ARB_shader_storage_buffer_object GL_ARB_shader_subroutine GL_ARB_shader_texture_image_samples GL_ARB_shader_texture_lod GL_ARB_shader_viewport_layer_array GL_ARB_shading_language_100 GL_ARB_shading_language_420pack GL_ARB_shading_language_packing GL_ARB_shadow GL_ARB_shadow_ambient GL_ARB_spirv_extensions GL_ARB_stencil_texturing GL_ARB_sync GL_ARB_tessellation_shader GL_ARB_texture_barrier GL_ARB_texture_border_clamp GL_ARB_texture_buffer_object GL_ARB_texture_buffer_object_rgb32 GL_ARB_texture_buffer_range GL_ARB_texture_compression GL_ARB_texture_compression_bptc GL_ARB_texture_compression_rgtc GL_ARB_texture_cube_map GL_ARB_texture_cube_map_array GL_ARB_texture_env_add GL_ARB_texture_env_combine GL_ARB_texture_env_crossbar GL_ARB_texture_env_dot3 GL_ARB_texture_float GL_ARB_texture_gather GL_ARB_texture_mirror_clamp_to_edge GL_ARB_texture_mirrored_repeat GL_ARB_texture_multisample GL_ARB_texture_non_power_of_two GL_ARB_texture_query_levels GL_ARB_texture_query_lod GL_ARB_texture_rectangle GL_ARB_t
exture_rg GL_ARB_texture_rgb10_a2ui GL_ARB_texture_snorm GL_ARB_texture_stencil8 GL_ARB_texture_storage GL_ARB_texture_storage_multisample GL_ARB_texture_swizzle GL_ARB_texture_view GL_ARB_timer_query GL_ARB_transform_feedback2 GL_ARB_transform_feedback3 GL_ARB_transform_feedback_instanced GL_ARB_transform_feedback_overflow_query GL_ARB_transpose_matrix GL_ARB_uniform_buffer_object GL_ARB_vertex_array_bgra GL_ARB_vertex_array_object GL_ARB_vertex_attrib_64bit GL_ARB_vertex_attrib_binding GL_ARB_vertex_buffer_object GL_ARB_vertex_program GL_ARB_vertex_shader GL_ARB_vertex_type_10f_11f_11f_rev GL_ARB_vertex_type_2_10_10_10_rev GL_ARB_viewport_array GL_ARB_window_pos GL_ATI_draw_buffers GL_ATI_envmap_bumpmap GL_ATI_fragment_shader GL_ATI_meminfo GL_ATI_separate_stencil GL_ATI_texture_compression_3dc GL_ATI_texture_env_combine3 GL_ATI_texture_float GL_ATI_texture_mirror_once GL_EXT_abgr GL_EXT_bgra GL_EXT_bindable_uniform GL_EXT_blend_color GL_EXT_blend_equation_separate GL_EXT_blend_func_separate GL_EXT_blend_m
inmax GL_EXT_blend_subtract GL_EXT_compiled_vertex_array GL_EXT_copy_buffer GL_EXT_copy_texture GL_EXT_depth_bounds_test GL_EXT_direct_state_access GL_EXT_draw_buffers2 GL_EXT_draw_instanced GL_EXT_draw_range_elements GL_EXT_fog_coord GL_EXT_framebuffer_blit GL_EXT_framebuffer_multisample GL_EXT_framebuffer_object GL_EXT_framebuffer_sRGB GL_EXT_geometry_shader4 GL_EXT_gpu_program_parameters GL_EXT_gpu_shader4 GL_EXT_histogram GL_EXT_memory_object GL_EXT_memory_object_fd GL_EXT_multi_draw_arrays GL_EXT_packed_depth_stencil GL_EXT_packed_float GL_EXT_packed_pixels GL_EXT_pixel_buffer_object GL_EXT_point_parameters GL_EXT_polygon_offset_clamp GL_EXT_provoking_vertex GL_EXT_rescale_normal GL_EXT_secondary_color GL_EXT_semaphore GL_EXT_semaphore_fd GL_EXT_separate_specular_color GL_EXT_shader_image_load_store GL_EXT_shader_integer_mix GL_EXT_shadow_funcs GL_EXT_stencil_wrap GL_EXT_subtexture GL_EXT_texgen_reflection GL_EXT_texture3D GL_EXT_texture_array GL_EXT_texture_buffer_object GL_EXT_texture_compression_bptc
 GL_EXT_texture_compression_latc GL_EXT_texture_compression_rgtc GL_EXT_texture_compression_s3tc GL_EXT_texture_cube_map GL_EXT_texture_edge_clamp GL_EXT_texture_env_add GL_EXT_texture_env_combine GL_EXT_texture_env_dot3 GL_EXT_texture_filter_anisotropic GL_EXT_texture_integer GL_EXT_texture_lod GL_EXT_texture_lod_bias GL_EXT_texture_mirror_clamp GL_EXT_texture_object GL_EXT_texture_rectangle GL_EXT_texture_sRGB GL_EXT_texture_sRGB_decode GL_EXT_texture_shared_exponent GL_EXT_texture_snorm GL_EXT_texture_storage GL_EXT_texture_swizzle GL_EXT_timer_query GL_EXT_transform_feedback GL_EXT_vertex_array GL_EXT_vertex_array_bgra GL_EXT_vertex_attrib_64bit GL_IBM_texture_mirrored_repeat GL_KHR_context_flush_control GL_KHR_debug GL_KHR_no_error GL_KHR_parallel_shader_compile GL_KHR_robust_buffer_access_behavior GL_KHR_robustness GL_KTX_buffer_region GL_NV_alpha_to_coverage_dither_control GL_NV_blend_square GL_NV_conditional_render GL_NV_copy_depth_to_color GL_NV_copy_image GL_NV_depth_buffer_float GL_NV_explicit_mul
tisample GL_NV_float_buffer GL_NV_half_float GL_NV_primitive_restart GL_NV_shader_atomic_int64 GL_NV_texgen_reflection GL_NV_texture_barrier GL_NV_vdpau_interop GL_OES_EGL_image GL_SGIS_generate_mipmap GL_SGIS_texture_edge_clamp GL_SGIS_texture_lod GL_SUN_multi_draw_arrays GL_WIN_swap_hint
OPENGL LOG: Creating OpenGL 4.5 graphics device ; Context level  <OpenGL 4.5> ; Context handle 72212800
AudioManager: Using PulseAudio: Default Output Device
Begin MonoManager ReloadAssembly
Platform assembly: /home/janne/.local/share/Steam/steamapps/common/Ravenfield/ravenfield_Data/Managed/UnityEngine.dll (this message is harmless)
Loading /home/janne/.local/share/Steam/steamapps/common/Ravenfield/ravenfield_Data/Managed/UnityEngine.dll into Unity Child Domain
Platform assembly: /home/janne/.local/share/Steam/steamapps/common/Ravenfield/ravenfield_Data/Managed/Assembly-CSharp-firstpass.dll (this message is harmless)
Loading /home/janne/.local/share/Steam/steamapps/common/Ravenfield/ravenfield_Data/Managed/Assembly-CSharp-firstpass.dll into Unity Child Domain
Platform assembly: /home/janne/.local/share/Steam/steamapps/common/Ravenfield/ravenfield_Data/Managed/Assembly-CSharp.dll (this message is harmless)
Loading /home/janne/.local/share/Steam/steamapps/common/Ravenfield/ravenfield_Data/Managed/Assembly-CSharp.dll into Unity Child Domain
Platform assembly: /home/janne/.local/share/Steam/steamapps/common/Ravenfield/ravenfield_Data/Managed/UnityEngine.UI.dll (this message is harmless)
Loading /home/janne/.local/share/Steam/steamapps/common/Ravenfield/ravenfield_Data/Managed/UnityEngine.UI.dll into Unity Child Domain
Platform assembly: /home/janne/.local/share/Steam/steamapps/common/Ravenfield/ravenfield_Data/Managed/UnityEngine.Networking.dll (this message is harmless)
Loading /home/janne/.local/share/Steam/steamapps/common/Ravenfield/ravenfield_Data/Managed/UnityEngine.Networking.dll into Unity Child Domain
Platform assembly: /home/janne/.local/share/Steam/steamapps/common/Ravenfield/ravenfield_Data/Managed/Pathfinding.ClipperLib.dll (this message is harmless)
Loading /home/janne/.local/share/Steam/steamapps/common/Ravenfield/ravenfield_Data/Managed/Pathfinding.ClipperLib.dll into Unity Child Domain
Platform assembly: /home/janne/.local/share/Steam/steamapps/common/Ravenfield/ravenfield_Data/Managed/Pathfinding.Ionic.Zip.Reduced.dll (this message is harmless)
Loading /home/janne/.local/share/Steam/steamapps/common/Ravenfield/ravenfield_Data/Managed/Pathfinding.Ionic.Zip.Reduced.dll into Unity Child Domain
Platform assembly: /home/janne/.local/share/Steam/steamapps/common/Ravenfield/ravenfield_Data/Managed/Pathfinding.Poly2Tri.dll (this message is harmless)
Loading /home/janne/.local/share/Steam/steamapps/common/Ravenfield/ravenfield_Data/Managed/Pathfinding.Poly2Tri.dll into Unity Child Domain
Platform assembly: /home/janne/.local/share/Steam/steamapps/common/Ravenfield/ravenfield_Data/Managed/EasyRoads3D.dll (this message is harmless)
Loading /home/janne/.local/share/Steam/steamapps/common/Ravenfield/ravenfield_Data/Managed/EasyRoads3D.dll into Unity Child Domain
Platform assembly: /home/janne/.local/share/Steam/steamapps/common/Ravenfield/ravenfield_Data/Managed/TextMeshPro-5.6-Runtime.dll (this message is harmless)
Loading /home/janne/.local/share/Steam/steamapps/common/Ravenfield/ravenfield_Data/Managed/TextMeshPro-5.6-Runtime.dll into Unity Child Domain
- Completed reload, in  0.029 seconds
Platform assembly: /home/janne/.local/share/Steam/steamapps/common/Ravenfield/ravenfield_Data/Managed/System.Core.dll (this message is harmless)
Platform assembly: /home/janne/.local/share/Steam/steamapps/common/Ravenfield/ravenfield_Data/Managed/System.dll (this message is harmless)
New context 0x4a26cb0 created with attributes:
Default vsync count 0
requesting resize 1920 x 1080
Using native desktop resolution 1920 x 1080
requesting fullscreen 1920 x 1080 at 0 Hz
Desktop is 1920 x 1080 @ 60 Hz
UnloadTime: 1.805000 ms
Unloading 6 Unused Serialized files (Serialized files now loaded: 0)
UnloadTime: 8.997000 ms
Registering callbacks
 
(Filename: /home/builduser/buildslave/unity/build/artifacts/generated/common/runtime/DebugBindings.gen.cpp Line: 51)

Platform assembly: /home/janne/.local/share/Steam/steamapps/common/Ravenfield/ravenfield_Data/Managed/System.Xml.dll (this message is harmless)

Unloading 1350 unused Assets to reduce memory usage. Loaded Objects now: 22101.
Total: 18.869999 ms (FindLiveObjects: 1.074000 ms CreateObjectMapping: 0.965000 ms MarkObjects: 12.058000 ms  DeleteObjects: 4.773000 ms)

Handling argument: /home/janne/.local/share/Steam/steamapps/common/Ravenfield/ravenfield.x86_64, 
 
(Filename: /home/builduser/buildslave/unity/build/artifacts/generated/common/runtime/DebugBindings.gen.cpp Line: 51)

Desired shader compiler platform 15 is not available in shader blob
 
(Filename:  Line: 536)

WARNING: Shader Unsupported: 'Custom/FaceExpression' - Pass 'FORWARD' has no vertex shader
WARNING: Shader Unsupported: 'Custom/FaceExpression' - Pass 'FORWARD' has no vertex shader
WARNING: Shader Unsupported: 'Custom/FaceExpression' - Pass 'META' has no vertex shader
WARNING: Shader Unsupported: 'Custom/FaceExpression' - All passes removed
Desired shader compiler platform 15 is not available in shader blob
 
(Filename:  Line: 536)

WARNING: Shader Unsupported: 'Particles/Alpha Blended Premultiply' - Pass '' has no vertex shader
ERROR: Shader Shader is not supported on this GPU (none of subshaders/fallbacks are suitable)WARNING: Shader Unsupported: 'Particles/Alpha Blended Premultiply' - Setting to default shader.
Desired shader compiler platform 15 is not available in shader blob
 
(Filename:  Line: 536)

WARNING: Shader Unsupported: 'Standard' - Pass 'FORWARD' has no vertex shader
WARNING: Shader Unsupported: 'Standard' - Pass 'FORWARD_DELTA' has no vertex shader
WARNING: Shader Unsupported: 'Standard' - Pass 'SHADOWCASTER' has no vertex shader
WARNING: Shader Unsupported: 'Standard' - Pass 'META' has no vertex shader
WARNING: Shader Unsupported: 'Standard' - All passes removed
WARNING: Shader Unsupported: 'Standard' - Pass 'FORWARD' has no vertex shader
WARNING: Shader Unsupported: 'Standard' - Pass 'FORWARD_DELTA' has no vertex shader
WARNING: Shader Unsupported: 'Standard' - Pass 'SHADOWCASTER' has no vertex shader
WARNING: Shader Unsupported: 'Standard' - Pass 'DEFERRED' has no vertex shader
WARNING: Shader Unsupported: 'Standard' - Pass 'META' has no vertex shader
WARNING: Shader Unsupported: 'Standard' - All passes removed
Desired shader compiler platform 15 is not available in shader blob
 
(Filename:  Line: 536)

WARNING: Shader Unsupported: 'Unlit/Texture' - Pass '' has no vertex shader
ERROR: Shader Shader is not supported on this GPU (none of subshaders/fallbacks are suitable)WARNING: Shader Unsupported: 'Unlit/Texture' - Setting to default shader.
Desired shader compiler platform 15 is not available in shader blob
 
(Filename:  Line: 536)

WARNING: Shader Unsupported: 'Particles/Additive' - Pass '' has no vertex shader
ERROR: Shader Shader is not supported on this GPU (none of subshaders/fallbacks are suitable)WARNING: Shader Unsupported: 'Particles/Additive' - Setting to default shader.
Desired shader compiler platform 15 is not available in shader blob
 
(Filename:  Line: 536)

WARNING: Shader Unsupported: 'HUD/Additive' - Pass '' has no vertex shader
ERROR: Shader Shader is not supported on this GPU (none of subshaders/fallbacks are suitable)WARNING: Shader Unsupported: 'HUD/Additive' - Setting to default shader.
Desired shader compiler platform 15 is not available in shader blob
 
(Filename:  Line: 536)

WARNING: Shader Unsupported: 'HUD/Portal' - Pass '' has no vertex shader
ERROR: Shader Shader is not supported on this GPU (none of subshaders/fallbacks are suitable)WARNING: Shader Unsupported: 'HUD/Portal' - Setting to default shader.
requesting resize 1920 x 1080
Using native desktop resolution 1920 x 1080
requesting fullscreen 1920 x 1080 at 60 Hz
Desktop is 1920 x 1080 @ 60 Hz
requesting resize 1920 x 1080
resizing window to 1920 x 1080
Desktop is 1920 x 1080 @ 60 Hz
Desktop is 1920 x 1080 @ 60 Hz
requesting resize 1920 x 1080
Using native desktop resolution 1920 x 1080
requesting fullscreen 1920 x 1080 at 0 Hz
Desktop is 1920 x 1080 @ 60 Hz
Skirmish Game Mode (UnityEngine.GameObject)
 
(Filename: /home/builduser/buildslave/unity/build/artifacts/generated/common/runtime/DebugBindings.gen.cpp Line: 51)

Unloading 5 Unused Serialized files (Serialized files now loaded: 1)
UnloadTime: 8.519000 ms

Unloading 192 unused Assets to reduce memory usage. Loaded Objects now: 18862.
Total: 20.261002 ms (FindLiveObjects: 0.815000 ms CreateObjectMapping: 0.820000 ms MarkObjects: 14.038000 ms  DeleteObjects: 4.588000 ms)

Loading scene River
 
(Filename: /home/builduser/buildslave/unity/build/artifacts/generated/common/runtime/DebugBindings.gen.cpp Line: 51)

Unloading 8 Unused Serialized files (Serialized files now loaded: 1)
UnloadTime: 2.118000 ms
Guid Conflict when importing graphs additively. Imported graph will get a new Guid.
This message is (relatively) harmless.
 
(Filename: /home/builduser/buildslave/unity/build/artifacts/generated/common/runtime/DebugBindings.gen.cpp Line: 51)

Guid Conflict when importing graphs additively. Imported graph will get a new Guid.
This message is (relatively) harmless.
 
(Filename: /home/builduser/buildslave/unity/build/artifacts/generated/common/runtime/DebugBindings.gen.cpp Line: 51)

Guid Conflict when importing graphs additively. Imported graph will get a new Guid.
This message is (relatively) harmless.
 
(Filename: /home/builduser/buildslave/unity/build/artifacts/generated/common/runtime/DebugBindings.gen.cpp Line: 51)

Guid Conflict when importing graphs additively. Imported graph will get a new Guid.
This message is (relatively) harmless.
 
(Filename: /home/builduser/buildslave/unity/build/artifacts/generated/common/runtime/DebugBindings.gen.cpp Line: 51)

Guid Conflict when importing graphs additively. Imported graph will get a new Guid.
This message is (relatively) harmless.
 
(Filename: /home/builduser/buildslave/unity/build/artifacts/generated/common/runtime/DebugBindings.gen.cpp Line: 51)

Guid Conflict when importing graphs additively. Imported graph will get a new Guid.
This message is (relatively) harmless.
 
(Filename: /home/builduser/buildslave/unity/build/artifacts/generated/common/runtime/DebugBindings.gen.cpp Line: 51)

Nearest node distance: 100
 
(Filename: /home/builduser/buildslave/unity/build/artifacts/generated/common/runtime/DebugBindings.gen.cpp Line: 51)

Starting game on River
 
(Filename: /home/builduser/buildslave/unity/build/artifacts/generated/common/runtime/DebugBindings.gen.cpp Line: 51)

Infantry graph mask: 29
 
(Filename: /home/builduser/buildslave/unity/build/artifacts/generated/common/runtime/DebugBindings.gen.cpp Line: 51)

Car graph mask: 32
 
(Filename: /home/builduser/buildslave/unity/build/artifacts/generated/common/runtime/DebugBindings.gen.cpp Line: 51)

Boat graph mask: 2
 
(Filename: /home/builduser/buildslave/unity/build/artifacts/generated/common/runtime/DebugBindings.gen.cpp Line: 51)


Unloading 77 unused Assets to reduce memory usage. Loaded Objects now: 50568.
Total: 68.521004 ms (FindLiveObjects: 2.715000 ms CreateObjectMapping: 1.954000 ms MarkObjects: 55.625000 ms  DeleteObjects: 8.227000 ms)

Setting up 2 worker threads for Enlighten.
  Thread -> id: 7f529dfff700 -> priority: 1 
  Thread -> id: 7f529d7fe700 -> priority: 1 
Releasing render texture that is set as Camera.targetTexture!
 
(Filename:  Line: 3471)

Internal: There are remaining Allocations on the JobTempAlloc. This is a leak, and will impact performance
 
(Filename:  Line: 383)

